0 info it worked if it ends with ok
1 verbose cli [ '/usr/bin/nodejs', '/usr/bin/npm', 'run', 'examples' ]
2 info using npm@3.6.0
3 info using node@v5.7.1
4 verbose run-script [ 'preexamples', 'examples', 'postexamples' ]
5 info lifecycle react-data-grid@0.14.24~preexamples: react-data-grid@0.14.24
6 silly lifecycle react-data-grid@0.14.24~preexamples: no script for preexamples, continuing
7 info lifecycle react-data-grid@0.14.24~examples: react-data-grid@0.14.24
8 verbose lifecycle react-data-grid@0.14.24~examples: unsafe-perm in lifecycle true
9 verbose lifecycle react-data-grid@0.14.24~examples: PATH: /usr/lib/node_modules/npm/bin/node-gyp-bin:/home/juanda/react-data-grid/node_modules/.bin:/usr/local/sbin:/usr/local/bin:/usr/sbin:/usr/bin:/sbin:/bin:/usr/games:/usr/local/games
10 verbose lifecycle react-data-grid@0.14.24~examples: CWD: /home/juanda/react-data-grid
11 silly lifecycle react-data-grid@0.14.24~examples: Args: [ '-c', 'gulp' ]
12 silly lifecycle react-data-grid@0.14.24~examples: Returned: code: 1  signal: null
13 info lifecycle react-data-grid@0.14.24~examples: Failed to exec examples script
14 verbose stack Error: react-data-grid@0.14.24 examples: `gulp`
14 verbose stack Exit status 1
14 verbose stack     at EventEmitter.<anonymous> (/usr/lib/node_modules/npm/lib/utils/lifecycle.js:232:16)
14 verbose stack     at emitTwo (events.js:100:13)
14 verbose stack     at EventEmitter.emit (events.js:185:7)
14 verbose stack     at ChildProcess.<anonymous> (/usr/lib/node_modules/npm/lib/utils/spawn.js:24:14)
14 verbose stack     at emitTwo (events.js:100:13)
14 verbose stack     at ChildProcess.emit (events.js:185:7)
14 verbose stack     at maybeClose (internal/child_process.js:827:16)
14 verbose stack     at Process.ChildProcess._handle.onexit (internal/child_process.js:211:5)
15 verbose pkgid react-data-grid@0.14.24
16 verbose cwd /home/juanda/react-data-grid
17 error Linux 4.2.0-30-generic
18 error argv "/usr/bin/nodejs" "/usr/bin/npm" "run" "examples"
19 error node v5.7.1
20 error npm  v3.6.0
21 error code ELIFECYCLE
22 error react-data-grid@0.14.24 examples: `gulp`
22 error Exit status 1
23 error Failed at the react-data-grid@0.14.24 examples script 'gulp'.
23 error Make sure you have the latest version of node.js and npm installed.
23 error If you do, this is most likely a problem with the react-data-grid package,
23 error not with npm itself.
23 error Tell the author that this fails on your system:
23 error     gulp
23 error You can get information on how to open an issue for this project with:
23 error     npm bugs react-data-grid
23 error Or if that isn't available, you can get their info via:
23 error     npm owner ls react-data-grid
23 error There is likely additional logging output above.
24 verbose exit [ 1, true ]
